[2025-11-03 17:39:13.390 INFO  1470]
Translating C:\Users\Lq0ne\AppData\Local\Fortify\sca25.3\build\001\_fortify_libraries_\lib.js
[2025-11-03 17:39:13.596 INFO  1450]
Processing C:\Users\Lq0ne\source\repos\e0e1\result\YSL圣罗兰美妆会员俱乐部\submodule\extendModules\memberDay\pages\search\index.js
[2025-11-03 17:39:20.876 INFO  12073]
Skipped minified JS file C:/Users/Lq0ne/source/repos/e0e1/result/YSL圣罗兰美妆会员俱乐部/submodule/modules/nearbyStores/shoppingGuideList/index.js
[2025-11-03 17:39:20.878 INFO  12073]
Skipped minified JS file C:/Users/Lq0ne/source/repos/e0e1/result/YSL圣罗兰美妆会员俱乐部/@babel/runtime/helpers/iterableToArrayLimit.js
[2025-11-03 17:39:20.880 INFO  1450]
Processing C:\Users\Lq0ne\source\repos\e0e1\result\YSL圣罗兰美妆会员俱乐部\submodule\extendModules\memberDay\index.js
[2025-11-03 17:39:20.898 INFO  12073]
Skipped minified JS file C:/Users/Lq0ne/source/repos/e0e1/result/YSL圣罗兰美妆会员俱乐部/@babel/runtime/helpers/slicedToArray.js
[2025-11-03 17:39:20.899 INFO  1450]
Processing C:\Users\Lq0ne\source\repos\e0e1\result\YSL圣罗兰美妆会员俱乐部\submodule\extendModules\memberDay\weCom\pages\order\index.js
[2025-11-03 17:39:20.923 INFO  1450]
Processing C:\Users\Lq0ne\source\repos\e0e1\result\YSL圣罗兰美妆会员俱乐部\@babel\runtime\helpers\arrayLikeToArray.js
[2025-11-03 17:39:21.100 INFO  1450]
Processing C:\Users\Lq0ne\source\repos\e0e1\result\YSL圣罗兰美妆会员俱乐部\pages\h5Reservation\h5\index.js
[2025-11-03 17:39:21.608 INFO  1450]
Processing C:\Users\Lq0ne\source\repos\e0e1\result\YSL圣罗兰美妆会员俱乐部\@babel\runtime\helpers\Objectentries.js
[2025-11-03 17:39:21.642 INFO  12073]
Skipped minified JS file C:/Users/Lq0ne/source/repos/e0e1/result/YSL圣罗兰美妆会员俱乐部/common.js
[2025-11-03 17:39:21.644 INFO  1450]
Processing C:\Users\Lq0ne\source\repos\e0e1\result\YSL圣罗兰美妆会员俱乐部\submodule\extendModules\memberDay\pages\exchangeGifts\index.js
[2025-11-03 17:39:21.653 INFO  1450]
Processing C:\Users\Lq0ne\source\repos\e0e1\result\YSL圣罗兰美妆会员俱乐部\subPages\qy\birthday\index.js
[2025-11-03 17:39:21.668 INFO  1450]
Processing C:\Users\Lq0ne\source\repos\e0e1\result\YSL圣罗兰美妆会员俱乐部\@babel\runtime\helpers\typeof.js
[2025-11-03 17:39:21.702 INFO  12073]
Skipped minified JS file C:/Users/Lq0ne/source/repos/e0e1/result/YSL圣罗兰美妆会员俱乐部/submodule/modules/serviceReservation/serviceRule/index.js
[2025-11-03 17:39:21.704 INFO  12073]
Skipped minified JS file C:/Users/Lq0ne/source/repos/e0e1/result/YSL圣罗兰美妆会员俱乐部/pages/memberDayPreheat/index.js
[2025-11-03 17:39:21.706 INFO  1450]
Processing C:\Users\Lq0ne\source\repos\e0e1\result\YSL圣罗兰美妆会员俱乐部\subPages\slim\register\index.js
[2025-11-03 17:39:21.722 INFO  12073]
Skipped minified JS file C:/Users/Lq0ne/source/repos/e0e1/result/YSL圣罗兰美妆会员俱乐部/submodule/modules/vmpMachine/vmpMachineResult/index.js
[2025-11-03 17:39:21.723 INFO  1450]
Processing C:\Users\Lq0ne\source\repos\e0e1\result\YSL圣罗兰美妆会员俱乐部\@babel\runtime\helpers\Objectvalues.js
[2025-11-03 17:39:21.778 INFO  12073]
Skipped minified JS file C:/Users/Lq0ne/source/repos/e0e1/result/YSL圣罗兰美妆会员俱乐部/submodule/modules/serviceReservation/index.js
[2025-11-03 17:39:21.779 INFO  12073]
Skipped minified JS file C:/Users/Lq0ne/source/repos/e0e1/result/YSL圣罗兰美妆会员俱乐部/submodule/modules/shoppingDetails/index.js
[2025-11-03 17:39:21.783 INFO  12073]
Skipped minified JS file C:/Users/Lq0ne/source/repos/e0e1/result/YSL圣罗兰美妆会员俱乐部/pages/h5Reservation/register/index.js
[2025-11-03 17:39:21.785 INFO  12073]
Skipped minified JS file C:/Users/Lq0ne/source/repos/e0e1/result/YSL圣罗兰美妆会员俱乐部/submodule/modules/modifyInfo/index.js
[2025-11-03 17:39:21.786 INFO  1450]
Processing C:\Users\Lq0ne\source\repos\e0e1\result\YSL圣罗兰美妆会员俱乐部\submodule\extendModules\memberDay\pages\exchangeRule\index.js
[2025-11-03 17:39:21.800 INFO  12073]
Skipped minified JS file C:/Users/Lq0ne/source/repos/e0e1/result/YSL圣罗兰美妆会员俱乐部/@babel/runtime/helpers/toPrimitive.js
[2025-11-03 17:39:21.801 INFO  1450]
Processing C:\Users\Lq0ne\source\repos\e0e1\result\YSL圣罗兰美妆会员俱乐部\submodule\extendModules\memberDay\pages\switchAccount\index.js
[2025-11-03 17:39:21.817 INFO  12073]
Skipped minified JS file C:/Users/Lq0ne/source/repos/e0e1/result/YSL圣罗兰美妆会员俱乐部/submodule/modules/shoppingDetails/exclusiveGiftDetail/index.js
[2025-11-03 17:39:21.820 INFO  1450]
Processing C:\Users\Lq0ne\source\repos\e0e1\result\YSL圣罗兰美妆会员俱乐部\@babel\runtime\helpers\defineProperty.js
[2025-11-03 17:39:21.863 INFO  1450]
Processing C:\Users\Lq0ne\source\repos\e0e1\result\YSL圣罗兰美妆会员俱乐部\@babel\runtime\helpers\toPropertyKey.js
[2025-11-03 17:39:21.902 INFO  12073]
Skipped minified JS file C:/Users/Lq0ne/source/repos/e0e1/result/YSL圣罗兰美妆会员俱乐部/@babel/runtime/helpers/objectSpread2.js
[2025-11-03 17:39:21.904 INFO  1450]
Processing C:\Users\Lq0ne\source\repos\e0e1\result\YSL圣罗兰美妆会员俱乐部\app.js
[2025-11-03 17:39:28.376 INFO  12073]
Skipped minified JS file C:/Users/Lq0ne/source/repos/e0e1/result/YSL圣罗兰美妆会员俱乐部/runtime.js
[2025-11-03 17:39:28.378 INFO  12073]
Skipped minified JS file C:/Users/Lq0ne/source/repos/e0e1/result/YSL圣罗兰美妆会员俱乐部/taro.js
[2025-11-03 17:39:28.379 INFO  12073]
Skipped minified JS file C:/Users/Lq0ne/source/repos/e0e1/result/YSL圣罗兰美妆会员俱乐部/vendors.js
[2025-11-03 17:39:28.380 INFO  12073]
Skipped minified JS file C:/Users/Lq0ne/source/repos/e0e1/result/YSL圣罗兰美妆会员俱乐部/@babel/runtime/helpers/Arrayincludes.js
[2025-11-03 17:39:28.380 INFO  1450]
Processing C:\Users\Lq0ne\source\repos\e0e1\result\YSL圣罗兰美妆会员俱乐部\comp.js
[2025-11-03 17:39:28.390 INFO  12073]
Skipped minified JS file C:/Users/Lq0ne/source/repos/e0e1/result/YSL圣罗兰美妆会员俱乐部/submodule/components/src/CPainter/painter/index.js
[2025-11-03 17:39:28.391 INFO  12073]
Skipped minified JS file C:/Users/Lq0ne/source/repos/e0e1/result/YSL圣罗兰美妆会员俱乐部/submodule/mini/pages/webview/index.js
[2025-11-03 17:39:28.392 INFO  12073]
Skipped minified JS file C:/Users/Lq0ne/source/repos/e0e1/result/YSL圣罗兰美妆会员俱乐部/pages/lbs/index.js
[2025-11-03 17:39:28.393 INFO  12073]
Skipped minified JS file C:/Users/Lq0ne/source/repos/e0e1/result/YSL圣罗兰美妆会员俱乐部/submodule/mini/pages/layoutPage/index.js
[2025-11-03 17:39:28.393 INFO  12073]
Skipped minified JS file C:/Users/Lq0ne/source/repos/e0e1/result/YSL圣罗兰美妆会员俱乐部/submodule/modules/serviceReservation/appointmentRegistration/index.js
[2025-11-03 17:39:28.394 INFO  1450]
Processing C:\Users\Lq0ne\source\repos\e0e1\result\YSL圣罗兰美妆会员俱乐部\subPages\slim\h5\index.js
[2025-11-03 17:39:28.403 INFO  12073]
Skipped minified JS file C:/Users/Lq0ne/source/repos/e0e1/result/YSL圣罗兰美妆会员俱乐部/submodule/modules/nearbyStores/index.js
[2025-11-03 17:39:28.404 INFO  1450]
Processing C:\Users\Lq0ne\source\repos\e0e1\result\YSL圣罗兰美妆会员俱乐部\submodule\extendModules\memberDay\weCom\pages\reviewOrder\index.js
[2025-11-03 17:39:28.412 INFO  12073]
Skipped minified JS file C:/Users/Lq0ne/source/repos/e0e1/result/YSL圣罗兰美妆会员俱乐部/submodule/modules/emptyBottleRecycling/recyclingRule/index.js
[2025-11-03 17:39:28.415 INFO  12073]
Skipped minified JS file C:/Users/Lq0ne/source/repos/e0e1/result/YSL圣罗兰美妆会员俱乐部/submodule/extendModules/address/index.js
[2025-11-03 17:39:28.415 INFO  1450]
Processing C:\Users\Lq0ne\source\repos\e0e1\result\YSL圣罗兰美妆会员俱乐部\@babel\runtime\helpers\arrayWithHoles.js
[2025-11-03 17:39:28.421 INFO  1450]
Processing C:\Users\Lq0ne\source\repos\e0e1\result\YSL圣罗兰美妆会员俱乐部\submodule\extendModules\memberDay\weCom\pages\confirm\index.js
[2025-11-03 17:39:28.430 INFO  12073]
Skipped minified JS file C:/Users/Lq0ne/source/repos/e0e1/result/YSL圣罗兰美妆会员俱乐部/pages/emptyBottleRecycling/recyclingReservation/index.js
[2025-11-03 17:39:28.431 INFO  12073]
Skipped minified JS file C:/Users/Lq0ne/source/repos/e0e1/result/YSL圣罗兰美妆会员俱乐部/pages/myCoupons/settlement/index.js
[2025-11-03 17:39:28.432 INFO  1450]
Processing C:\Users\Lq0ne\source\repos\e0e1\result\YSL圣罗兰美妆会员俱乐部\subPages\qy\birthday\result\index.js
[2025-11-03 17:39:28.439 INFO  12073]
Skipped minified JS file C:/Users/Lq0ne/source/repos/e0e1/result/YSL圣罗兰美妆会员俱乐部/submodule/modules/vmpMachine/index.js
[2025-11-03 17:39:28.441 INFO  12073]
Skipped minified JS file C:/Users/Lq0ne/source/repos/e0e1/result/YSL圣罗兰美妆会员俱乐部/submodule/modules/register/index.js
[2025-11-03 17:39:28.442 INFO  12073]
Skipped minified JS file C:/Users/Lq0ne/source/repos/e0e1/result/YSL圣罗兰美妆会员俱乐部/submodule/modules/exchangeGifts/exchangeRecord/index.js
[2025-11-03 17:39:28.442 INFO  1450]
Processing C:\Users\Lq0ne\source\repos\e0e1\result\YSL圣罗兰美妆会员俱乐部\submodule\extendModules\memberDay\weCom\pages\calculatorDetail\index.js
[2025-11-03 17:39:28.449 INFO  12073]
Skipped minified JS file C:/Users/Lq0ne/source/repos/e0e1/result/YSL圣罗兰美妆会员俱乐部/pages/serviceReservation/appointmentRecord/index.js
[2025-11-03 17:39:28.451 INFO  12073]
Skipped minified JS file C:/Users/Lq0ne/source/repos/e0e1/result/YSL圣罗兰美妆会员俱乐部/pages/product/detail/index.js
[2025-11-03 17:39:28.451 INFO  12073]
Skipped minified JS file C:/Users/Lq0ne/source/repos/e0e1/result/YSL圣罗兰美妆会员俱乐部/pages/myCoupons/index.js
[2025-11-03 17:39:28.453 INFO  12073]
Skipped minified JS file C:/Users/Lq0ne/source/repos/e0e1/result/YSL圣罗兰美妆会员俱乐部/pages/mine/index.js
[2025-11-03 17:39:28.453 INFO  1450]
Processing C:\Users\Lq0ne\source\repos\e0e1\result\YSL圣罗兰美妆会员俱乐部\@babel\runtime\helpers\classCallCheck.js
[2025-11-03 17:39:28.457 INFO  1450]
Processing C:\Users\Lq0ne\source\repos\e0e1\result\YSL圣罗兰美妆会员俱乐部\submodule\extendModules\memberDay\weCom\pages\index\index.js
[2025-11-03 17:39:28.464 INFO  12073]
Skipped minified JS file C:/Users/Lq0ne/source/repos/e0e1/result/YSL圣罗兰美妆会员俱乐部/pages/pointsDetails/index.js
[2025-11-03 17:39:28.464 INFO  1450]
Processing C:\Users\Lq0ne\source\repos\e0e1\result\YSL圣罗兰美妆会员俱乐部\custom-wrapper.js
[2025-11-03 17:39:28.472 INFO  12073]
Skipped minified JS file C:/Users/Lq0ne/source/repos/e0e1/result/YSL圣罗兰美妆会员俱乐部/pages/exchangeGifts/orderDetail/index.js
[2025-11-03 17:39:28.472 INFO  12073]
Skipped minified JS file C:/Users/Lq0ne/source/repos/e0e1/result/YSL圣罗兰美妆会员俱乐部/pages/h5Reservation/index.js
[2025-11-03 17:39:28.473 INFO  12073]
Skipped minified JS file C:/Users/Lq0ne/source/repos/e0e1/result/YSL圣罗兰美妆会员俱乐部/submodule/modules/serviceReservation/appointmentDetails/index.js
[2025-11-03 17:39:28.473 INFO  1450]
Processing C:\Users\Lq0ne\source\repos\e0e1\result\YSL圣罗兰美妆会员俱乐部\submodule\extendModules\memberDay\weCom\pages\settlement\index.js
[2025-11-03 17:39:28.481 INFO  12073]
Skipped minified JS file C:/Users/Lq0ne/source/repos/e0e1/result/YSL圣罗兰美妆会员俱乐部/pages/myCoupons/orderDetail/index.js
[2025-11-03 17:39:28.482 INFO  12073]
Skipped minified JS file C:/Users/Lq0ne/source/repos/e0e1/result/YSL圣罗兰美妆会员俱乐部/pages/memberDayPreheat/qy/index.js
[2025-11-03 17:39:28.483 INFO  1450]
Processing C:\Users\Lq0ne\source\repos\e0e1\result\YSL圣罗兰美妆会员俱乐部\submodule\extendModules\memberDay\pages\settlement\index.js
[2025-11-03 17:39:28.489 INFO  1450]
Processing C:\Users\Lq0ne\source\repos\e0e1\result\YSL圣罗兰美妆会员俱乐部\submodule\extendModules\memberDay\weCom\pages\orderDetail\index.js
[2025-11-03 17:39:28.498 INFO  12073]
Skipped minified JS file C:/Users/Lq0ne/source/repos/e0e1/result/YSL圣罗兰美妆会员俱乐部/pages/connect2/index.js
[2025-11-03 17:39:28.498 INFO  12073]
Skipped minified JS file C:/Users/Lq0ne/source/repos/e0e1/result/YSL圣罗兰美妆会员俱乐部/@babel/runtime/helpers/createClass.js
[2025-11-03 17:39:28.499 INFO  12073]
Skipped minified JS file C:/Users/Lq0ne/source/repos/e0e1/result/YSL圣罗兰美妆会员俱乐部/pages/explore/index.js
[2025-11-03 17:39:28.499 INFO  12073]
Skipped minified JS file C:/Users/Lq0ne/source/repos/e0e1/result/YSL圣罗兰美妆会员俱乐部/pages/christmasIntegral/index.js
[2025-11-03 17:39:28.500 INFO  1450]
Processing C:\Users\Lq0ne\source\repos\e0e1\result\YSL圣罗兰美妆会员俱乐部\subPages\slim\index.js
[2025-11-03 17:39:28.505 INFO  1450]
Processing C:\Users\Lq0ne\source\repos\e0e1\result\YSL圣罗兰美妆会员俱乐部\submodule\extendModules\memberDay\pages\shoppingCart\index.js
[2025-11-03 17:39:28.517 INFO  12073]
Skipped minified JS file C:/Users/Lq0ne/source/repos/e0e1/result/YSL圣罗兰美妆会员俱乐部/pages/product/index.js
[2025-11-03 17:39:28.518 INFO  1450]
Processing C:\Users\Lq0ne\source\repos\e0e1\result\YSL圣罗兰美妆会员俱乐部\@babel\runtime\helpers\nonIterableRest.js
[2025-11-03 17:39:28.523 INFO  12073]
Skipped minified JS file C:/Users/Lq0ne/source/repos/e0e1/result/YSL圣罗兰美妆会员俱乐部/@babel/runtime/helpers/unsupportedIterableToArray.js
[2025-11-03 17:39:28.523 INFO  12073]
Skipped minified JS file C:/Users/Lq0ne/source/repos/e0e1/result/YSL圣罗兰美妆会员俱乐部/submodule/mini/pages/imagePage/index.js
[2025-11-03 17:39:28.523 INFO  12073]
Skipped minified JS file C:/Users/Lq0ne/source/repos/e0e1/result/YSL圣罗兰美妆会员俱乐部/submodule/modules/exchangeGifts/settlement/index.js
[2025-11-03 17:39:28.524 INFO  12073]
Skipped minified JS file C:/Users/Lq0ne/source/repos/e0e1/result/YSL圣罗兰美妆会员俱乐部/submodule/modules/internalMessage/index.js
[2025-11-03 17:39:28.525 INFO  12073]
Skipped minified JS file C:/Users/Lq0ne/source/repos/e0e1/result/YSL圣罗兰美妆会员俱乐部/submodule/modules/nearbyStores/shoppingGuideDetail/index.js
[2025-11-03 17:39:28.526 INFO  1450]
Processing C:\Users\Lq0ne\source\repos\e0e1\result\YSL圣罗兰美妆会员俱乐部\submodule\extendModules\memberDay\weCom\pages\calculator\index.js
[2025-11-03 17:39:28.534 INFO  12073]
Skipped minified JS file C:/Users/Lq0ne/source/repos/e0e1/result/YSL圣罗兰美妆会员俱乐部/submodule/modules/exchangeGifts/exchangeRule/index.js
[2025-11-03 17:39:28.537 INFO  12073]
Skipped minified JS file C:/Users/Lq0ne/source/repos/e0e1/result/YSL圣罗兰美妆会员俱乐部/pages/emptyBottleRecycling/index.js
[2025-11-03 17:39:28.538 INFO  12073]
Skipped minified JS file C:/Users/Lq0ne/source/repos/e0e1/result/YSL圣罗兰美妆会员俱乐部/pages/index/index.js
[2025-11-03 17:39:28.539 INFO  12073]
Skipped minified JS file C:/Users/Lq0ne/source/repos/e0e1/result/YSL圣罗兰美妆会员俱乐部/submodule/modules/exchangeGifts/shoppingCart/index.js
[2025-11-03 17:39:28.540 INFO  12073]
Skipped minified JS file C:/Users/Lq0ne/source/repos/e0e1/result/YSL圣罗兰美妆会员俱乐部/pages/exchangeGifts/index.js
[2025-11-03 17:39:28.540 INFO  1450]
Processing C:\Users\Lq0ne\source\repos\e0e1\result\YSL圣罗兰美妆会员俱乐部\submodule\extendModules\h5Reservation\index.js
[2025-11-03 17:39:28.586 INFO  12073]
Skipped minified JS file C:/Users/Lq0ne/source/repos/e0e1/result/YSL圣罗兰美妆会员俱乐部/pages/serviceReservation/evaluation/index.js
[2025-11-03 17:39:28.587 INFO  12073]
Skipped minified JS file C:/Users/Lq0ne/source/repos/e0e1/result/YSL圣罗兰美妆会员俱乐部/pages/emptyBottleRecycling/recyclingRecords/index.js
[2025-11-03 17:39:28.588 INFO  1450]
Processing C:\Users\Lq0ne\source\repos\e0e1\result\YSL圣罗兰美妆会员俱乐部\submodule\extendModules\memberDay\pages\calculator\index.js
[2025-11-03 17:39:28.597 INFO  12073]
Skipped minified JS file C:/Users/Lq0ne/source/repos/e0e1/result/YSL圣罗兰美妆会员俱乐部/pages/activity/index.js
[2025-11-03 17:39:28.598 INFO  12073]
Skipped minified JS file C:/Users/Lq0ne/source/repos/e0e1/result/YSL圣罗兰美妆会员俱乐部/submodule/modules/serviceReservation/serviceDetails/index.js
[2025-11-03 17:39:28.599 INFO  1450]
Processing C:\Users\Lq0ne\source\repos\e0e1\result\YSL圣罗兰美妆会员俱乐部\subPages\wxStore\index.js
[2025-11-03 17:39:28.607 INFO  12073]
Skipped minified JS file C:/Users/Lq0ne/source/repos/e0e1/result/YSL圣罗兰美妆会员俱乐部/submodule/extendModules/couponActivity/index.js
[2025-11-03 17:39:28.607 INFO  1450]
Processing C:\Users\Lq0ne\source\repos\e0e1\result\YSL圣罗兰美妆会员俱乐部\subPages\debug\index.js
[2025-11-03 17:39:28.627 INFO  1470]
Translating C:\Users\Lq0ne\source\repos\e0e1\result\YSL圣罗兰美妆会员俱乐部\submodule\extendModules\memberDay\pages\search\index.js
[2025-11-03 17:39:28.699 INFO  1470]
Translating C:\Users\Lq0ne\source\repos\e0e1\result\YSL圣罗兰美妆会员俱乐部\submodule\extendModules\memberDay\index.js
[2025-11-03 17:39:28.701 INFO  1470]
Translating C:\Users\Lq0ne\source\repos\e0e1\result\YSL圣罗兰美妆会员俱乐部\submodule\extendModules\memberDay\weCom\pages\order\index.js
[2025-11-03 17:39:28.702 INFO  1470]
Translating C:\Users\Lq0ne\source\repos\e0e1\result\YSL圣罗兰美妆会员俱乐部\@babel\runtime\helpers\arrayLikeToArray.js
[2025-11-03 17:39:28.720 INFO  1470]
Translating C:\Users\Lq0ne\source\repos\e0e1\result\YSL圣罗兰美妆会员俱乐部\pages\h5Reservation\h5\index.js
[2025-11-03 17:39:28.781 INFO  1470]
Translating C:\Users\Lq0ne\source\repos\e0e1\result\YSL圣罗兰美妆会员俱乐部\@babel\runtime\helpers\Objectentries.js
[2025-11-03 17:39:28.784 INFO  1470]
Translating C:\Users\Lq0ne\source\repos\e0e1\result\YSL圣罗兰美妆会员俱乐部\submodule\extendModules\memberDay\pages\exchangeGifts\index.js
[2025-11-03 17:39:28.785 INFO  1470]
Translating C:\Users\Lq0ne\source\repos\e0e1\result\YSL圣罗兰美妆会员俱乐部\subPages\qy\birthday\index.js
[2025-11-03 17:39:28.786 INFO  1470]
Translating C:\Users\Lq0ne\source\repos\e0e1\result\YSL圣罗兰美妆会员俱乐部\@babel\runtime\helpers\typeof.js
[2025-11-03 17:39:28.790 INFO  1470]
Translating C:\Users\Lq0ne\source\repos\e0e1\result\YSL圣罗兰美妆会员俱乐部\subPages\slim\register\index.js
[2025-11-03 17:39:28.791 INFO  1470]
Translating C:\Users\Lq0ne\source\repos\e0e1\result\YSL圣罗兰美妆会员俱乐部\@babel\runtime\helpers\Objectvalues.js
[2025-11-03 17:39:28.796 INFO  1470]
Translating C:\Users\Lq0ne\source\repos\e0e1\result\YSL圣罗兰美妆会员俱乐部\submodule\extendModules\memberDay\pages\exchangeRule\index.js
[2025-11-03 17:39:28.797 INFO  1470]
Translating C:\Users\Lq0ne\source\repos\e0e1\result\YSL圣罗兰美妆会员俱乐部\submodule\extendModules\memberDay\pages\switchAccount\index.js
[2025-11-03 17:39:28.798 INFO  1470]
Translating C:\Users\Lq0ne\source\repos\e0e1\result\YSL圣罗兰美妆会员俱乐部\@babel\runtime\helpers\defineProperty.js
[2025-11-03 17:39:28.807 INFO  1470]
Translating C:\Users\Lq0ne\source\repos\e0e1\result\YSL圣罗兰美妆会员俱乐部\@babel\runtime\helpers\toPropertyKey.js
[2025-11-03 17:39:28.813 INFO  1470]
Translating C:\Users\Lq0ne\source\repos\e0e1\result\YSL圣罗兰美妆会员俱乐部\app.js
[2025-11-03 17:39:30.112 INFO  1470]
Translating C:\Users\Lq0ne\source\repos\e0e1\result\YSL圣罗兰美妆会员俱乐部\comp.js
[2025-11-03 17:39:30.117 INFO  1470]
Translating C:\Users\Lq0ne\source\repos\e0e1\result\YSL圣罗兰美妆会员俱乐部\subPages\slim\h5\index.js
[2025-11-03 17:39:30.118 INFO  1470]
Translating C:\Users\Lq0ne\source\repos\e0e1\result\YSL圣罗兰美妆会员俱乐部\submodule\extendModules\memberDay\weCom\pages\reviewOrder\index.js
[2025-11-03 17:39:30.119 INFO  1470]
Translating C:\Users\Lq0ne\source\repos\e0e1\result\YSL圣罗兰美妆会员俱乐部\@babel\runtime\helpers\arrayWithHoles.js
[2025-11-03 17:39:30.122 INFO  1470]
Translating C:\Users\Lq0ne\source\repos\e0e1\result\YSL圣罗兰美妆会员俱乐部\submodule\extendModules\memberDay\weCom\pages\confirm\index.js
[2025-11-03 17:39:30.123 INFO  1470]
Translating C:\Users\Lq0ne\source\repos\e0e1\result\YSL圣罗兰美妆会员俱乐部\subPages\qy\birthday\result\index.js
[2025-11-03 17:39:30.124 INFO  1470]
Translating C:\Users\Lq0ne\source\repos\e0e1\result\YSL圣罗兰美妆会员俱乐部\submodule\extendModules\memberDay\weCom\pages\calculatorDetail\index.js
[2025-11-03 17:39:30.125 INFO  1470]
Translating C:\Users\Lq0ne\source\repos\e0e1\result\YSL圣罗兰美妆会员俱乐部\@babel\runtime\helpers\classCallCheck.js
[2025-11-03 17:39:30.127 INFO  1470]
Translating C:\Users\Lq0ne\source\repos\e0e1\result\YSL圣罗兰美妆会员俱乐部\submodule\extendModules\memberDay\weCom\pages\index\index.js
[2025-11-03 17:39:30.128 INFO  1470]
Translating C:\Users\Lq0ne\source\repos\e0e1\result\YSL圣罗兰美妆会员俱乐部\custom-wrapper.js
[2025-11-03 17:39:30.130 INFO  1470]
Translating C:\Users\Lq0ne\source\repos\e0e1\result\YSL圣罗兰美妆会员俱乐部\submodule\extendModules\memberDay\weCom\pages\settlement\index.js
[2025-11-03 17:39:30.132 INFO  1470]
Translating C:\Users\Lq0ne\source\repos\e0e1\result\YSL圣罗兰美妆会员俱乐部\submodule\extendModules\memberDay\pages\settlement\index.js
[2025-11-03 17:39:30.133 INFO  1470]
Translating C:\Users\Lq0ne\source\repos\e0e1\result\YSL圣罗兰美妆会员俱乐部\submodule\extendModules\memberDay\weCom\pages\orderDetail\index.js
[2025-11-03 17:39:30.134 INFO  1470]
Translating C:\Users\Lq0ne\source\repos\e0e1\result\YSL圣罗兰美妆会员俱乐部\subPages\slim\index.js
[2025-11-03 17:39:30.135 INFO  1470]
Translating C:\Users\Lq0ne\source\repos\e0e1\result\YSL圣罗兰美妆会员俱乐部\submodule\extendModules\memberDay\pages\shoppingCart\index.js
[2025-11-03 17:39:30.136 INFO  1470]
Translating C:\Users\Lq0ne\source\repos\e0e1\result\YSL圣罗兰美妆会员俱乐部\@babel\runtime\helpers\nonIterableRest.js
[2025-11-03 17:39:30.138 INFO  1470]
Translating C:\Users\Lq0ne\source\repos\e0e1\result\YSL圣罗兰美妆会员俱乐部\submodule\extendModules\memberDay\weCom\pages\calculator\index.js
[2025-11-03 17:39:30.139 INFO  1470]
Translating C:\Users\Lq0ne\source\repos\e0e1\result\YSL圣罗兰美妆会员俱乐部\submodule\extendModules\h5Reservation\index.js
[2025-11-03 17:39:30.152 INFO  1470]
Translating C:\Users\Lq0ne\source\repos\e0e1\result\YSL圣罗兰美妆会员俱乐部\submodule\extendModules\memberDay\pages\calculator\index.js
[2025-11-03 17:39:30.153 INFO  1470]
Translating C:\Users\Lq0ne\source\repos\e0e1\result\YSL圣罗兰美妆会员俱乐部\subPages\wxStore\index.js
[2025-11-03 17:39:30.155 INFO  1470]
Translating C:\Users\Lq0ne\source\repos\e0e1\result\YSL圣罗兰美妆会员俱乐部\subPages\debug\index.js
