2025-10-31 16:24:03,496 - INFO - 开始批量扫描小程序项目
2025-10-31 16:24:03,496 - INFO - 环境验证通过
2025-10-31 16:24:03,497 - INFO - 发现小程序项目: LANCOME兰蔻会员中心
2025-10-31 16:24:03,497 - INFO - 发现小程序项目: YSL圣罗兰美妆会员俱乐部
2025-10-31 16:24:03,497 - INFO - 共找到 2 个小程序项目
2025-10-31 16:24:03,497 - INFO - 项目ID映射: {'LANCOME兰蔻会员中心': '000', 'YSL圣罗兰美妆会员俱乐部': '001'}
2025-10-31 16:24:03,498 - INFO - 开始扫描项目: LANCOME兰蔻会员中心 (ID: 000)
2025-10-31 16:24:03,513 - INFO - 项目 LANCOME兰蔻会员中心: 总文件数 372, 扫描文件数 371
2025-10-31 16:24:03,514 - INFO - 执行清理项目 LANCOME兰蔻会员中心 (ID: 000): C:\Program Files\Fortify\OpenText_SAST_Fortify_25.3.0\bin\sourceanalyzer.exe -b 000 -clean
2025-10-31 16:24:05,702 - INFO - 开始翻译项目: LANCOME兰蔻会员中心 (ID: 000)
2025-10-31 16:24:18,505 - INFO - 翻译完成: LANCOME兰蔻会员中心, 耗时: 12.80秒
2025-10-31 16:24:18,506 - INFO - 使用规则文件: C:\Program Files\Fortify\OpenText_SAST_Fortify_25.3.0\Core\config\rules\core_javascript.bin;C:\Program Files\Fortify\OpenText_SAST_Fortify_25.3.0\Core\config\rules\extended_javascript.bin;C:\Program Files\Fortify\OpenText_SAST_Fortify_25.3.0\Core\config\rules\comm_universal.bin;C:\Program Files\Fortify\OpenText_SAST_Fortify_25.3.0\Core\config\rules\core_cloud.bin
2025-10-31 16:24:18,507 - INFO - 执行扫描命令，项目: LANCOME兰蔻会员中心 (ID: 000)
2025-10-31 16:24:59,227 - INFO - 扫描完成: LANCOME兰蔻会员中心, 耗时: 40.72秒
2025-10-31 16:24:59,227 - INFO - 生成PDF报告: LANCOME兰蔻会员中心 (ID: 000)
2025-10-31 16:25:03,810 - INFO - PDF文件重命名完成: 000.pdf -> LANCOME兰蔻会员中心.pdf
2025-10-31 16:25:03,810 - INFO - PDF报告生成成功: LANCOME兰蔻会员中心, 文件: scan_results\LANCOME兰蔻会员中心.pdf (0.04 MB)
2025-10-31 16:25:03,811 - INFO - FPR文件重命名完成: 000.fpr -> LANCOME兰蔻会员中心.fpr
2025-10-31 16:25:03,812 - INFO - 开始扫描项目: YSL圣罗兰美妆会员俱乐部 (ID: 001)
2025-10-31 16:25:03,812 - INFO - 项目 LANCOME兰蔻会员中心 扫描成功
2025-10-31 16:25:03,827 - INFO - 项目 YSL圣罗兰美妆会员俱乐部: 总文件数 342, 扫描文件数 334
2025-10-31 16:25:03,827 - INFO - 执行清理项目 YSL圣罗兰美妆会员俱乐部 (ID: 001): C:\Program Files\Fortify\OpenText_SAST_Fortify_25.3.0\bin\sourceanalyzer.exe -b 001 -clean
2025-10-31 16:25:06,008 - INFO - 开始翻译项目: YSL圣罗兰美妆会员俱乐部 (ID: 001)
2025-10-31 16:25:24,067 - INFO - 翻译完成: YSL圣罗兰美妆会员俱乐部, 耗时: 18.06秒
2025-10-31 16:25:24,068 - INFO - 使用规则文件: C:\Program Files\Fortify\OpenText_SAST_Fortify_25.3.0\Core\config\rules\core_javascript.bin;C:\Program Files\Fortify\OpenText_SAST_Fortify_25.3.0\Core\config\rules\extended_javascript.bin;C:\Program Files\Fortify\OpenText_SAST_Fortify_25.3.0\Core\config\rules\comm_universal.bin;C:\Program Files\Fortify\OpenText_SAST_Fortify_25.3.0\Core\config\rules\core_cloud.bin
2025-10-31 16:25:24,069 - INFO - 执行扫描命令，项目: YSL圣罗兰美妆会员俱乐部 (ID: 001)
2025-10-31 16:26:10,758 - INFO - 扫描完成: YSL圣罗兰美妆会员俱乐部, 耗时: 46.69秒
2025-10-31 16:26:10,758 - INFO - 生成PDF报告: YSL圣罗兰美妆会员俱乐部 (ID: 001)
2025-10-31 16:26:16,459 - INFO - PDF文件重命名完成: 001.pdf -> YSL圣罗兰美妆会员俱乐部.pdf
2025-10-31 16:26:16,460 - INFO - PDF报告生成成功: YSL圣罗兰美妆会员俱乐部, 文件: scan_results\YSL圣罗兰美妆会员俱乐部.pdf (0.04 MB)
2025-10-31 16:26:16,461 - INFO - FPR文件重命名完成: 001.fpr -> YSL圣罗兰美妆会员俱乐部.fpr
2025-10-31 16:26:16,462 - INFO - 项目 YSL圣罗兰美妆会员俱乐部 扫描成功
2025-10-31 16:26:16,463 - INFO - 总结报告已生成: scan_results\scan_summary.txt
2025-10-31 16:26:16,463 - INFO - 所有扫描任务完成
2025-11-03 10:19:37,522 - INFO - 开始批量扫描小程序项目
2025-11-03 10:19:37,525 - INFO - 环境验证通过
2025-11-03 10:19:37,534 - INFO - 发现小程序项目: LANCOME兰蔻会员中心
2025-11-03 10:19:37,534 - INFO - 发现小程序项目: YSL圣罗兰美妆会员俱乐部
2025-11-03 10:19:37,534 - INFO - 共找到 2 个小程序项目
2025-11-03 10:19:37,535 - INFO - 项目ID映射: {'LANCOME兰蔻会员中心': '000', 'YSL圣罗兰美妆会员俱乐部': '001'}
2025-11-03 10:19:37,535 - INFO - 开始扫描项目: LANCOME兰蔻会员中心 (ID: 000)
2025-11-03 10:19:37,574 - INFO - 项目 LANCOME兰蔻会员中心: 总文件数 372, 扫描文件数 371
2025-11-03 10:19:37,574 - INFO - 执行清理项目 LANCOME兰蔻会员中心 (ID: 000): C:\Program Files\Fortify\OpenText_SAST_Fortify_25.3.0\bin\sourceanalyzer.exe -b 000 -clean
2025-11-03 10:19:39,828 - INFO - 开始翻译项目: LANCOME兰蔻会员中心 (ID: 000)
2025-11-03 10:19:53,735 - INFO - 翻译完成: LANCOME兰蔻会员中心, 耗时: 13.90秒
2025-11-03 10:19:53,736 - INFO - 使用规则文件: C:\Program Files\Fortify\OpenText_SAST_Fortify_25.3.0\Core\config\rules\core_javascript.bin;C:\Program Files\Fortify\OpenText_SAST_Fortify_25.3.0\Core\config\rules\extended_javascript.bin;C:\Program Files\Fortify\OpenText_SAST_Fortify_25.3.0\Core\config\rules\comm_universal.bin;C:\Program Files\Fortify\OpenText_SAST_Fortify_25.3.0\Core\config\rules\core_cloud.bin
2025-11-03 10:19:53,737 - INFO - 执行扫描命令，项目: LANCOME兰蔻会员中心 (ID: 000)
2025-11-03 10:20:38,408 - INFO - 扫描完成: LANCOME兰蔻会员中心, 耗时: 44.67秒
2025-11-03 10:20:38,408 - INFO - 生成PDF报告: LANCOME兰蔻会员中心 (ID: 000)
2025-11-03 10:20:43,331 - ERROR - PDF报告生成异常 - LANCOME兰蔻会员中心 (ID: 000): [WinError 183] Cannot create a file when that file already exists: 'scan_results\\000.pdf' -> 'scan_results\\LANCOME兰蔻会员中心.pdf'
2025-11-03 10:20:43,332 - ERROR - 扫描异常 - LANCOME兰蔻会员中心 (ID: 000): [WinError 183] Cannot create a file when that file already exists: 'scan_results\\000.fpr' -> 'scan_results\\LANCOME兰蔻会员中心.fpr'
2025-11-03 10:20:43,333 - INFO - 开始扫描项目: YSL圣罗兰美妆会员俱乐部 (ID: 001)
2025-11-03 10:20:43,333 - ERROR - 项目 LANCOME兰蔻会员中心 扫描失败
2025-11-03 10:20:43,348 - INFO - 项目 YSL圣罗兰美妆会员俱乐部: 总文件数 342, 扫描文件数 334
2025-11-03 10:20:43,352 - INFO - 执行清理项目 YSL圣罗兰美妆会员俱乐部 (ID: 001): C:\Program Files\Fortify\OpenText_SAST_Fortify_25.3.0\bin\sourceanalyzer.exe -b 001 -clean
2025-11-03 10:20:45,714 - INFO - 开始翻译项目: YSL圣罗兰美妆会员俱乐部 (ID: 001)
2025-11-03 10:21:09,431 - INFO - 翻译完成: YSL圣罗兰美妆会员俱乐部, 耗时: 23.72秒
2025-11-03 10:21:09,433 - INFO - 使用规则文件: C:\Program Files\Fortify\OpenText_SAST_Fortify_25.3.0\Core\config\rules\core_javascript.bin;C:\Program Files\Fortify\OpenText_SAST_Fortify_25.3.0\Core\config\rules\extended_javascript.bin;C:\Program Files\Fortify\OpenText_SAST_Fortify_25.3.0\Core\config\rules\comm_universal.bin;C:\Program Files\Fortify\OpenText_SAST_Fortify_25.3.0\Core\config\rules\core_cloud.bin
2025-11-03 10:21:09,433 - INFO - 执行扫描命令，项目: YSL圣罗兰美妆会员俱乐部 (ID: 001)
2025-11-03 10:22:27,457 - INFO - 扫描完成: YSL圣罗兰美妆会员俱乐部, 耗时: 78.02秒
2025-11-03 10:22:27,458 - INFO - 生成PDF报告: YSL圣罗兰美妆会员俱乐部 (ID: 001)
2025-11-03 10:22:31,892 - ERROR - PDF报告生成异常 - YSL圣罗兰美妆会员俱乐部 (ID: 001): [WinError 183] Cannot create a file when that file already exists: 'scan_results\\001.pdf' -> 'scan_results\\YSL圣罗兰美妆会员俱乐部.pdf'
2025-11-03 10:22:31,892 - ERROR - 扫描异常 - YSL圣罗兰美妆会员俱乐部 (ID: 001): [WinError 183] Cannot create a file when that file already exists: 'scan_results\\001.fpr' -> 'scan_results\\YSL圣罗兰美妆会员俱乐部.fpr'
2025-11-03 10:22:31,892 - ERROR - 项目 YSL圣罗兰美妆会员俱乐部 扫描失败
2025-11-03 10:22:31,894 - INFO - 总结报告已生成: scan_results\min_code_scan_summary.txt
2025-11-03 10:22:31,894 - INFO - 所有扫描任务完成
2025-11-03 10:34:35,020 - INFO - 开始批量扫描小程序项目
2025-11-03 10:34:35,022 - INFO - 环境验证通过
2025-11-03 10:34:35,022 - INFO - 发现小程序项目: LANCOME兰蔻会员中心
2025-11-03 10:34:35,022 - INFO - 发现小程序项目: YSL圣罗兰美妆会员俱乐部
2025-11-03 10:34:35,022 - INFO - 共找到 2 个小程序项目
2025-11-03 10:34:35,023 - INFO - 项目ID映射: {'LANCOME兰蔻会员中心': '000', 'YSL圣罗兰美妆会员俱乐部': '001'}
2025-11-03 10:34:35,023 - INFO - 开始扫描项目: LANCOME兰蔻会员中心 (ID: 000)
2025-11-03 10:34:35,039 - INFO - 项目 LANCOME兰蔻会员中心: 总文件数 372, 扫描文件数 371
2025-11-03 10:34:35,039 - INFO - 执行清理项目 LANCOME兰蔻会员中心 (ID: 000): C:\Program Files\Fortify\OpenText_SAST_Fortify_25.3.0\bin\sourceanalyzer.exe -b 000 -clean
2025-11-03 10:34:37,344 - INFO - 开始翻译项目: LANCOME兰蔻会员中心 (ID: 000)
2025-11-03 10:34:55,107 - INFO - 翻译完成: LANCOME兰蔻会员中心, 耗时: 17.76秒
2025-11-03 10:34:55,108 - INFO - 使用规则文件: C:\Program Files\Fortify\OpenText_SAST_Fortify_25.3.0\Core\config\rules\core_javascript.bin;C:\Program Files\Fortify\OpenText_SAST_Fortify_25.3.0\Core\config\rules\extended_javascript.bin;C:\Program Files\Fortify\OpenText_SAST_Fortify_25.3.0\Core\config\rules\comm_universal.bin;C:\Program Files\Fortify\OpenText_SAST_Fortify_25.3.0\Core\config\rules\core_cloud.bin
2025-11-03 10:34:55,108 - INFO - 执行扫描命令，项目: LANCOME兰蔻会员中心 (ID: 000)
2025-11-03 10:35:57,096 - INFO - 扫描完成: LANCOME兰蔻会员中心, 耗时: 61.99秒
2025-11-03 10:35:57,097 - INFO - 生成PDF报告: LANCOME兰蔻会员中心 (ID: 000)
2025-11-03 10:36:01,700 - INFO - PDF文件重命名完成: 000.pdf -> LANCOME兰蔻会员中心.pdf
2025-11-03 10:36:01,701 - INFO - PDF报告生成成功: LANCOME兰蔻会员中心, 文件: scan_results\LANCOME兰蔻会员中心.pdf (0.04 MB)
2025-11-03 10:36:01,701 - ERROR - 扫描异常 - LANCOME兰蔻会员中心 (ID: 000): [WinError 183] Cannot create a file when that file already exists: 'scan_results\\000.fpr' -> 'scan_results\\LANCOME兰蔻会员中心.fpr'
2025-11-03 10:36:01,701 - INFO - 开始扫描项目: YSL圣罗兰美妆会员俱乐部 (ID: 001)
2025-11-03 10:36:01,702 - ERROR - 项目 LANCOME兰蔻会员中心 扫描失败
2025-11-03 10:36:01,736 - INFO - 项目 YSL圣罗兰美妆会员俱乐部: 总文件数 342, 扫描文件数 334
2025-11-03 10:36:01,737 - INFO - 执行清理项目 YSL圣罗兰美妆会员俱乐部 (ID: 001): C:\Program Files\Fortify\OpenText_SAST_Fortify_25.3.0\bin\sourceanalyzer.exe -b 001 -clean
2025-11-03 10:36:03,918 - INFO - 开始翻译项目: YSL圣罗兰美妆会员俱乐部 (ID: 001)
2025-11-03 10:36:32,743 - INFO - 翻译完成: YSL圣罗兰美妆会员俱乐部, 耗时: 28.82秒
2025-11-03 10:36:32,744 - INFO - 使用规则文件: C:\Program Files\Fortify\OpenText_SAST_Fortify_25.3.0\Core\config\rules\core_javascript.bin;C:\Program Files\Fortify\OpenText_SAST_Fortify_25.3.0\Core\config\rules\extended_javascript.bin;C:\Program Files\Fortify\OpenText_SAST_Fortify_25.3.0\Core\config\rules\comm_universal.bin;C:\Program Files\Fortify\OpenText_SAST_Fortify_25.3.0\Core\config\rules\core_cloud.bin
2025-11-03 10:36:32,745 - INFO - 执行扫描命令，项目: YSL圣罗兰美妆会员俱乐部 (ID: 001)
2025-11-03 10:38:17,265 - INFO - 扫描完成: YSL圣罗兰美妆会员俱乐部, 耗时: 104.52秒
2025-11-03 10:38:17,265 - INFO - 生成PDF报告: YSL圣罗兰美妆会员俱乐部 (ID: 001)
2025-11-03 10:38:21,971 - INFO - PDF文件重命名完成: 001.pdf -> YSL圣罗兰美妆会员俱乐部.pdf
2025-11-03 10:38:21,971 - INFO - PDF报告生成成功: YSL圣罗兰美妆会员俱乐部, 文件: scan_results\YSL圣罗兰美妆会员俱乐部.pdf (0.04 MB)
2025-11-03 10:38:21,973 - ERROR - 扫描异常 - YSL圣罗兰美妆会员俱乐部 (ID: 001): [WinError 183] Cannot create a file when that file already exists: 'scan_results\\001.fpr' -> 'scan_results\\YSL圣罗兰美妆会员俱乐部.fpr'
2025-11-03 10:38:21,975 - ERROR - 项目 YSL圣罗兰美妆会员俱乐部 扫描失败
2025-11-03 10:38:21,976 - INFO - 总结报告已生成: scan_results\min_code_scan_summary.txt
2025-11-03 10:38:21,976 - INFO - 所有扫描任务完成
2025-11-03 10:53:38,331 - INFO - 开始批量扫描小程序项目
2025-11-03 10:53:38,333 - INFO - 环境验证通过
2025-11-03 10:53:38,334 - INFO - 发现小程序项目: LANCOME兰蔻会员中心
2025-11-03 10:53:38,335 - INFO - 发现小程序项目: YSL圣罗兰美妆会员俱乐部
2025-11-03 10:53:38,335 - INFO - 共找到 2 个小程序项目
2025-11-03 10:53:38,335 - INFO - 项目ID映射: {'LANCOME兰蔻会员中心': '000', 'YSL圣罗兰美妆会员俱乐部': '001'}
2025-11-03 10:53:38,336 - INFO - 开始扫描项目: LANCOME兰蔻会员中心 (ID: 000)
2025-11-03 10:53:38,352 - INFO - 项目 LANCOME兰蔻会员中心: 总文件数 372, 扫描文件数 371
2025-11-03 10:53:38,352 - INFO - 执行清理项目 LANCOME兰蔻会员中心 (ID: 000): C:\Program Files\Fortify\OpenText_SAST_Fortify_25.3.0\bin\sourceanalyzer.exe -b 000 -clean
2025-11-03 10:53:40,519 - INFO - 开始翻译项目: LANCOME兰蔻会员中心 (ID: 000)
2025-11-03 10:53:57,326 - INFO - 翻译完成: LANCOME兰蔻会员中心, 耗时: 16.81秒
2025-11-03 10:53:57,328 - INFO - 使用规则文件: C:\Program Files\Fortify\OpenText_SAST_Fortify_25.3.0\Core\config\rules\core_javascript.bin;C:\Program Files\Fortify\OpenText_SAST_Fortify_25.3.0\Core\config\rules\extended_javascript.bin;C:\Program Files\Fortify\OpenText_SAST_Fortify_25.3.0\Core\config\rules\comm_universal.bin;C:\Program Files\Fortify\OpenText_SAST_Fortify_25.3.0\Core\config\rules\core_cloud.bin
2025-11-03 10:53:57,329 - INFO - 执行扫描命令，项目: LANCOME兰蔻会员中心 (ID: 000)
2025-11-03 10:55:02,161 - INFO - 扫描完成: LANCOME兰蔻会员中心, 耗时: 64.83秒
2025-11-03 10:55:02,162 - INFO - 生成PDF报告: LANCOME兰蔻会员中心 (ID: 000)
2025-11-03 10:55:06,578 - ERROR - PDF报告生成异常 - LANCOME兰蔻会员中心 (ID: 000): [WinError 183] Cannot create a file when that file already exists: 'scan_results\\000.pdf' -> 'scan_results\\LANCOME兰蔻会员中心.pdf'
2025-11-03 10:55:06,579 - INFO - FPR文件重命名完成: 000.fpr -> LANCOME兰蔻会员中心.fpr
2025-11-03 10:55:06,580 - INFO - 开始扫描项目: YSL圣罗兰美妆会员俱乐部 (ID: 001)
2025-11-03 10:55:06,580 - INFO - 项目 LANCOME兰蔻会员中心 扫描成功
2025-11-03 10:55:06,606 - INFO - 项目 YSL圣罗兰美妆会员俱乐部: 总文件数 342, 扫描文件数 334
2025-11-03 10:55:06,607 - INFO - 执行清理项目 YSL圣罗兰美妆会员俱乐部 (ID: 001): C:\Program Files\Fortify\OpenText_SAST_Fortify_25.3.0\bin\sourceanalyzer.exe -b 001 -clean
2025-11-03 10:55:08,786 - INFO - 开始翻译项目: YSL圣罗兰美妆会员俱乐部 (ID: 001)
2025-11-03 10:55:38,587 - INFO - 翻译完成: YSL圣罗兰美妆会员俱乐部, 耗时: 29.80秒
2025-11-03 10:55:38,588 - INFO - 使用规则文件: C:\Program Files\Fortify\OpenText_SAST_Fortify_25.3.0\Core\config\rules\core_javascript.bin;C:\Program Files\Fortify\OpenText_SAST_Fortify_25.3.0\Core\config\rules\extended_javascript.bin;C:\Program Files\Fortify\OpenText_SAST_Fortify_25.3.0\Core\config\rules\comm_universal.bin;C:\Program Files\Fortify\OpenText_SAST_Fortify_25.3.0\Core\config\rules\core_cloud.bin
2025-11-03 10:55:38,588 - INFO - 执行扫描命令，项目: YSL圣罗兰美妆会员俱乐部 (ID: 001)
2025-11-03 10:57:30,915 - INFO - 扫描完成: YSL圣罗兰美妆会员俱乐部, 耗时: 112.33秒
2025-11-03 10:57:30,916 - INFO - 生成PDF报告: YSL圣罗兰美妆会员俱乐部 (ID: 001)
2025-11-03 10:57:35,276 - ERROR - PDF报告生成异常 - YSL圣罗兰美妆会员俱乐部 (ID: 001): [WinError 183] Cannot create a file when that file already exists: 'scan_results\\001.pdf' -> 'scan_results\\YSL圣罗兰美妆会员俱乐部.pdf'
2025-11-03 10:57:35,278 - INFO - FPR文件重命名完成: 001.fpr -> YSL圣罗兰美妆会员俱乐部.fpr
2025-11-03 10:57:35,279 - INFO - 项目 YSL圣罗兰美妆会员俱乐部 扫描成功
2025-11-03 10:57:35,281 - INFO - 总结报告已生成: scan_results\min_code_scan_summary.txt
2025-11-03 10:57:35,281 - INFO - 所有扫描任务完成
2025-11-03 11:07:09,579 - INFO - 开始批量扫描小程序项目
2025-11-03 11:07:09,581 - INFO - 环境验证通过
2025-11-03 11:07:09,582 - INFO - 发现小程序项目: LANCOME兰蔻会员中心
2025-11-03 11:07:09,582 - INFO - 发现小程序项目: YSL圣罗兰美妆会员俱乐部
2025-11-03 11:07:09,582 - INFO - 共找到 2 个小程序项目
2025-11-03 11:07:09,583 - INFO - 项目ID映射: {'LANCOME兰蔻会员中心': '000', 'YSL圣罗兰美妆会员俱乐部': '001'}
2025-11-03 11:07:09,583 - INFO - 开始扫描项目: LANCOME兰蔻会员中心 (ID: 000)
2025-11-03 11:07:09,597 - INFO - 项目 LANCOME兰蔻会员中心: 总文件数 372, 扫描文件数 371
2025-11-03 11:07:09,598 - INFO - 执行清理项目 LANCOME兰蔻会员中心 (ID: 000): C:\Program Files\Fortify\OpenText_SAST_Fortify_25.3.0\bin\sourceanalyzer.exe -b 000 -clean
2025-11-03 11:07:11,829 - INFO - 开始翻译项目: LANCOME兰蔻会员中心 (ID: 000)
2025-11-03 11:07:25,978 - INFO - 翻译完成: LANCOME兰蔻会员中心, 耗时: 14.15秒
2025-11-03 11:07:25,980 - INFO - 使用规则文件: C:\Program Files\Fortify\OpenText_SAST_Fortify_25.3.0\Core\config\rules\core_javascript.bin;C:\Program Files\Fortify\OpenText_SAST_Fortify_25.3.0\Core\config\rules\extended_javascript.bin;C:\Program Files\Fortify\OpenText_SAST_Fortify_25.3.0\Core\config\rules\comm_universal.bin;C:\Program Files\Fortify\OpenText_SAST_Fortify_25.3.0\Core\config\rules\core_cloud.bin
2025-11-03 11:07:25,981 - INFO - 执行扫描命令，项目: LANCOME兰蔻会员中心 (ID: 000)
2025-11-03 11:08:11,001 - INFO - 扫描完成: LANCOME兰蔻会员中心, 耗时: 45.02秒
2025-11-03 11:08:11,002 - INFO - 生成PDF报告: LANCOME兰蔻会员中心 (ID: 000)
2025-11-03 11:08:15,574 - INFO - PDF文件重命名完成: 000.pdf -> LANCOME兰蔻会员中心.pdf
2025-11-03 11:08:15,575 - INFO - PDF报告生成成功: LANCOME兰蔻会员中心, 文件: scan_results\LANCOME兰蔻会员中心.pdf (0.04 MB)
2025-11-03 11:08:15,575 - INFO - FPR文件重命名完成: 000.fpr -> LANCOME兰蔻会员中心.fpr
2025-11-03 11:08:15,576 - INFO - 开始扫描项目: YSL圣罗兰美妆会员俱乐部 (ID: 001)
2025-11-03 11:08:15,576 - INFO - 项目 LANCOME兰蔻会员中心 扫描成功
2025-11-03 11:08:15,590 - INFO - 项目 YSL圣罗兰美妆会员俱乐部: 总文件数 342, 扫描文件数 334
2025-11-03 11:08:15,591 - INFO - 执行清理项目 YSL圣罗兰美妆会员俱乐部 (ID: 001): C:\Program Files\Fortify\OpenText_SAST_Fortify_25.3.0\bin\sourceanalyzer.exe -b 001 -clean
2025-11-03 11:08:17,859 - INFO - 开始翻译项目: YSL圣罗兰美妆会员俱乐部 (ID: 001)
2025-11-03 11:08:40,517 - INFO - 翻译完成: YSL圣罗兰美妆会员俱乐部, 耗时: 22.66秒
2025-11-03 11:08:40,518 - INFO - 使用规则文件: C:\Program Files\Fortify\OpenText_SAST_Fortify_25.3.0\Core\config\rules\core_javascript.bin;C:\Program Files\Fortify\OpenText_SAST_Fortify_25.3.0\Core\config\rules\extended_javascript.bin;C:\Program Files\Fortify\OpenText_SAST_Fortify_25.3.0\Core\config\rules\comm_universal.bin;C:\Program Files\Fortify\OpenText_SAST_Fortify_25.3.0\Core\config\rules\core_cloud.bin
2025-11-03 11:08:40,519 - INFO - 执行扫描命令，项目: YSL圣罗兰美妆会员俱乐部 (ID: 001)
2025-11-03 11:09:57,856 - INFO - 扫描完成: YSL圣罗兰美妆会员俱乐部, 耗时: 77.34秒
2025-11-03 11:09:57,857 - INFO - 生成PDF报告: YSL圣罗兰美妆会员俱乐部 (ID: 001)
2025-11-03 11:10:02,571 - INFO - PDF文件重命名完成: 001.pdf -> YSL圣罗兰美妆会员俱乐部.pdf
2025-11-03 11:10:02,571 - INFO - PDF报告生成成功: YSL圣罗兰美妆会员俱乐部, 文件: scan_results\YSL圣罗兰美妆会员俱乐部.pdf (0.04 MB)
2025-11-03 11:10:02,573 - INFO - FPR文件重命名完成: 001.fpr -> YSL圣罗兰美妆会员俱乐部.fpr
2025-11-03 11:10:02,573 - INFO - 项目 YSL圣罗兰美妆会员俱乐部 扫描成功
2025-11-03 11:10:02,574 - INFO - 总结报告已生成: scan_results\min_code_scan_summary.txt
2025-11-03 11:10:02,574 - INFO - 所有扫描任务完成
2025-11-03 16:49:24,249 - INFO - 开始批量扫描小程序项目
2025-11-03 16:49:24,250 - INFO - 环境验证通过
2025-11-03 16:49:24,256 - INFO - 发现小程序项目: LANCOME兰蔻会员中心
2025-11-03 16:49:24,257 - INFO - 发现小程序项目: YSL圣罗兰美妆会员俱乐部
2025-11-03 16:49:24,257 - INFO - 共找到 2 个小程序项目
2025-11-03 16:49:24,257 - INFO - 项目ID映射: {'LANCOME兰蔻会员中心': '000', 'YSL圣罗兰美妆会员俱乐部': '001'}
2025-11-03 16:49:24,258 - INFO - 开始扫描项目: LANCOME兰蔻会员中心 (ID: 000)
2025-11-03 16:49:24,276 - INFO - 项目 LANCOME兰蔻会员中心: 总文件数 372, 扫描文件数 371
2025-11-03 16:49:24,277 - INFO - 执行清理项目 LANCOME兰蔻会员中心 (ID: 000): C:\Program Files\Fortify\OpenText_SAST_Fortify_25.3.0\bin\sourceanalyzer.exe -b 000 -clean
2025-11-03 16:49:26,788 - INFO - 开始翻译项目: LANCOME兰蔻会员中心 (ID: 000)
2025-11-03 16:49:47,515 - INFO - 翻译完成: LANCOME兰蔻会员中心, 耗时: 20.73秒
2025-11-03 16:49:47,517 - INFO - 使用规则文件: C:\Program Files\Fortify\OpenText_SAST_Fortify_25.3.0\Core\config\rules\core_javascript.bin;C:\Program Files\Fortify\OpenText_SAST_Fortify_25.3.0\Core\config\rules\extended_javascript.bin;C:\Program Files\Fortify\OpenText_SAST_Fortify_25.3.0\Core\config\rules\comm_universal.bin;C:\Program Files\Fortify\OpenText_SAST_Fortify_25.3.0\Core\config\rules\core_cloud.bin
2025-11-03 16:49:47,520 - INFO - 执行扫描命令，项目: LANCOME兰蔻会员中心 (ID: 000)
2025-11-03 16:51:00,757 - INFO - 扫描完成: LANCOME兰蔻会员中心, 耗时: 73.24秒
2025-11-03 16:51:00,757 - INFO - 生成PDF报告: LANCOME兰蔻会员中心 (ID: 000)
2025-11-03 16:51:06,172 - INFO - PDF文件重命名完成: 000.pdf -> LANCOME兰蔻会员中心.pdf
2025-11-03 16:51:06,174 - INFO - PDF报告生成成功: LANCOME兰蔻会员中心, 文件: scan_results\LANCOME兰蔻会员中心.pdf (0.04 MB)
2025-11-03 16:51:06,176 - INFO - FPR文件重命名完成: 000.fpr -> LANCOME兰蔻会员中心.fpr
2025-11-03 16:51:06,177 - INFO - 开始扫描项目: YSL圣罗兰美妆会员俱乐部 (ID: 001)
2025-11-03 16:51:06,177 - INFO - 项目 LANCOME兰蔻会员中心 扫描成功
2025-11-03 16:51:06,207 - INFO - 项目 YSL圣罗兰美妆会员俱乐部: 总文件数 342, 扫描文件数 334
2025-11-03 16:51:06,207 - INFO - 执行清理项目 YSL圣罗兰美妆会员俱乐部 (ID: 001): C:\Program Files\Fortify\OpenText_SAST_Fortify_25.3.0\bin\sourceanalyzer.exe -b 001 -clean
2025-11-03 16:51:08,676 - INFO - 开始翻译项目: YSL圣罗兰美妆会员俱乐部 (ID: 001)
2025-11-03 16:51:33,778 - INFO - 翻译完成: YSL圣罗兰美妆会员俱乐部, 耗时: 25.10秒
2025-11-03 16:51:33,779 - INFO - 使用规则文件: C:\Program Files\Fortify\OpenText_SAST_Fortify_25.3.0\Core\config\rules\core_javascript.bin;C:\Program Files\Fortify\OpenText_SAST_Fortify_25.3.0\Core\config\rules\extended_javascript.bin;C:\Program Files\Fortify\OpenText_SAST_Fortify_25.3.0\Core\config\rules\comm_universal.bin;C:\Program Files\Fortify\OpenText_SAST_Fortify_25.3.0\Core\config\rules\core_cloud.bin
2025-11-03 16:51:33,780 - INFO - 执行扫描命令，项目: YSL圣罗兰美妆会员俱乐部 (ID: 001)
2025-11-03 16:52:54,841 - INFO - 扫描完成: YSL圣罗兰美妆会员俱乐部, 耗时: 81.06秒
2025-11-03 16:52:54,842 - INFO - 生成PDF报告: YSL圣罗兰美妆会员俱乐部 (ID: 001)
2025-11-03 16:52:59,661 - INFO - PDF文件重命名完成: 001.pdf -> YSL圣罗兰美妆会员俱乐部.pdf
2025-11-03 16:52:59,661 - INFO - PDF报告生成成功: YSL圣罗兰美妆会员俱乐部, 文件: scan_results\YSL圣罗兰美妆会员俱乐部.pdf (0.04 MB)
2025-11-03 16:52:59,663 - INFO - FPR文件重命名完成: 001.fpr -> YSL圣罗兰美妆会员俱乐部.fpr
2025-11-03 16:52:59,663 - INFO - 项目 YSL圣罗兰美妆会员俱乐部 扫描成功
2025-11-03 16:52:59,664 - INFO - 总结报告已生成: scan_results\min_code_scan_summary.txt
2025-11-03 16:52:59,665 - INFO - 所有扫描任务完成
2025-11-03 16:58:00,433 - INFO - 开始批量扫描小程序项目
2025-11-03 16:58:00,434 - INFO - 环境验证通过
2025-11-03 16:58:00,438 - INFO - 发现小程序项目: LANCOME兰蔻会员中心
2025-11-03 16:58:00,438 - INFO - 发现小程序项目: YSL圣罗兰美妆会员俱乐部
2025-11-03 16:58:00,438 - INFO - 共找到 2 个小程序项目
2025-11-03 16:58:00,439 - INFO - 项目ID映射: {'LANCOME兰蔻会员中心': '000', 'YSL圣罗兰美妆会员俱乐部': '001'}
2025-11-03 16:58:00,439 - INFO - 开始扫描项目: LANCOME兰蔻会员中心 (ID: 000)
2025-11-03 16:58:00,457 - INFO - 项目 LANCOME兰蔻会员中心: 总文件数 372, 扫描文件数 371
2025-11-03 16:58:00,457 - INFO - 执行清理项目 LANCOME兰蔻会员中心 (ID: 000): C:\Program Files\Fortify\OpenText_SAST_Fortify_25.3.0\bin\sourceanalyzer.exe -b 000 -clean
2025-11-03 16:58:02,651 - INFO - 开始翻译项目: LANCOME兰蔻会员中心 (ID: 000)
2025-11-03 16:58:03,357 - ERROR - 翻译过程错误 - LANCOME兰蔻会员中心 (ID: 000): Command '['C:\\Program Files\\Fortify\\OpenText_SAST_Fortify_25.3.0\\bin\\sourceanalyzer.exe', '-b', '000', '-logfile', 'scan_results\\000_translate.log', 'result\\LANCOME兰蔻会员中心', '-exclude', 'LANCOME兰蔻会员中心/node_modules', '-exclude', 'LANCOME兰蔻会员中心/tests', '-exclude', 'LANCOME兰蔻会员中心/__tests__', '-exclude', 'LANCOME兰蔻会员中心/build', '-exclude', 'LANCOME兰蔻会员中心/test', '-exclude', 'LANCOME兰蔻会员中心/dist', '-exclude', 'LANCOME兰蔻会员中心/coverage', '-exclude', 'LANCOME兰蔻会员中心/.git', '-exclude', '**/yarn.lock', '-exclude', '**/*.min.js', '-exclude', '**/package-lock.json', '-exclude', '**/*.map', '-exclude', '**/*.bundle.js']' returned non-zero exit status 3221225786.
2025-11-03 16:58:03,357 - ERROR - 项目 LANCOME兰蔻会员中心 翻译失败，跳过扫描
2025-11-03 16:58:03,359 - INFO - 开始扫描项目: YSL圣罗兰美妆会员俱乐部 (ID: 001)
2025-11-03 16:58:03,375 - INFO - 项目 YSL圣罗兰美妆会员俱乐部: 总文件数 342, 扫描文件数 334
2025-11-03 16:58:03,375 - INFO - 执行清理项目 YSL圣罗兰美妆会员俱乐部 (ID: 001): C:\Program Files\Fortify\OpenText_SAST_Fortify_25.3.0\bin\sourceanalyzer.exe -b 001 -clean
2025-11-03 16:58:05,713 - INFO - 开始翻译项目: YSL圣罗兰美妆会员俱乐部 (ID: 001)
2025-11-03 16:58:06,434 - ERROR - 翻译过程错误 - YSL圣罗兰美妆会员俱乐部 (ID: 001): Command '['C:\\Program Files\\Fortify\\OpenText_SAST_Fortify_25.3.0\\bin\\sourceanalyzer.exe', '-b', '001', '-logfile', 'scan_results\\001_translate.log', 'result\\YSL圣罗兰美妆会员俱乐部', '-exclude', 'YSL圣罗兰美妆会员俱乐部/node_modules', '-exclude', 'YSL圣罗兰美妆会员俱乐部/tests', '-exclude', 'YSL圣罗兰美妆会员俱乐部/__tests__', '-exclude', 'YSL圣罗兰美妆会员俱乐部/build', '-exclude', 'YSL圣罗兰美妆会员俱乐部/test', '-exclude', 'YSL圣罗兰美妆会员俱乐部/dist', '-exclude', 'YSL圣罗兰美妆会员俱乐部/coverage', '-exclude', 'YSL圣罗兰美妆会员俱乐部/.git', '-exclude', '**/yarn.lock', '-exclude', '**/*.min.js', '-exclude', '**/package-lock.json', '-exclude', '**/*.map', '-exclude', '**/*.bundle.js']' returned non-zero exit status 3221225786.
2025-11-03 16:58:06,434 - ERROR - 项目 YSL圣罗兰美妆会员俱乐部 翻译失败，跳过扫描
2025-11-03 16:58:11,900 - INFO - 开始批量扫描小程序项目
2025-11-03 16:58:11,901 - INFO - 环境验证通过
2025-11-03 16:58:11,901 - INFO - 即将清理scan_results目录，请确认是否继续（y/n）: 
2025-11-03 16:58:22,184 - INFO - 开始清理scan_results目录
2025-11-03 16:58:22,185 - INFO - 发现小程序项目: LANCOME兰蔻会员中心
2025-11-03 16:58:22,185 - INFO - 发现小程序项目: YSL圣罗兰美妆会员俱乐部
2025-11-03 16:58:22,186 - INFO - 共找到 2 个小程序项目
2025-11-03 16:58:22,186 - INFO - 项目ID映射: {'LANCOME兰蔻会员中心': '000', 'YSL圣罗兰美妆会员俱乐部': '001'}
2025-11-03 16:58:22,186 - INFO - 开始扫描项目: LANCOME兰蔻会员中心 (ID: 000)
2025-11-03 16:58:22,203 - INFO - 项目 LANCOME兰蔻会员中心: 总文件数 372, 扫描文件数 371
2025-11-03 16:58:22,203 - INFO - 执行清理项目 LANCOME兰蔻会员中心 (ID: 000): C:\Program Files\Fortify\OpenText_SAST_Fortify_25.3.0\bin\sourceanalyzer.exe -b 000 -clean
2025-11-03 16:58:24,108 - INFO - 开始翻译项目: LANCOME兰蔻会员中心 (ID: 000)
2025-11-03 16:58:43,231 - INFO - 翻译完成: LANCOME兰蔻会员中心, 耗时: 19.12秒
2025-11-03 16:58:43,232 - INFO - 使用规则文件: C:\Program Files\Fortify\OpenText_SAST_Fortify_25.3.0\Core\config\rules\core_javascript.bin;C:\Program Files\Fortify\OpenText_SAST_Fortify_25.3.0\Core\config\rules\extended_javascript.bin;C:\Program Files\Fortify\OpenText_SAST_Fortify_25.3.0\Core\config\rules\comm_universal.bin;C:\Program Files\Fortify\OpenText_SAST_Fortify_25.3.0\Core\config\rules\core_cloud.bin
2025-11-03 16:58:43,233 - INFO - 执行扫描命令，项目: LANCOME兰蔻会员中心 (ID: 000)
2025-11-03 16:59:49,722 - INFO - 扫描完成: LANCOME兰蔻会员中心, 耗时: 66.49秒
2025-11-03 16:59:49,723 - INFO - 生成PDF报告: LANCOME兰蔻会员中心 (ID: 000)
2025-11-03 16:59:54,354 - INFO - PDF文件重命名完成: 000.pdf -> LANCOME兰蔻会员中心.pdf
2025-11-03 16:59:54,354 - INFO - PDF报告生成成功: LANCOME兰蔻会员中心, 文件: scan_results\LANCOME兰蔻会员中心.pdf (0.04 MB)
2025-11-03 16:59:54,355 - INFO - FPR文件重命名完成: 000.fpr -> LANCOME兰蔻会员中心.fpr
2025-11-03 16:59:54,357 - INFO - 开始扫描项目: YSL圣罗兰美妆会员俱乐部 (ID: 001)
2025-11-03 16:59:54,357 - INFO - 项目 LANCOME兰蔻会员中心 扫描成功
2025-11-03 16:59:54,374 - INFO - 项目 YSL圣罗兰美妆会员俱乐部: 总文件数 342, 扫描文件数 334
2025-11-03 16:59:54,374 - INFO - 执行清理项目 YSL圣罗兰美妆会员俱乐部 (ID: 001): C:\Program Files\Fortify\OpenText_SAST_Fortify_25.3.0\bin\sourceanalyzer.exe -b 001 -clean
2025-11-03 16:59:56,398 - INFO - 开始翻译项目: YSL圣罗兰美妆会员俱乐部 (ID: 001)
2025-11-03 17:00:20,312 - INFO - 翻译完成: YSL圣罗兰美妆会员俱乐部, 耗时: 23.91秒
2025-11-03 17:00:20,313 - INFO - 使用规则文件: C:\Program Files\Fortify\OpenText_SAST_Fortify_25.3.0\Core\config\rules\core_javascript.bin;C:\Program Files\Fortify\OpenText_SAST_Fortify_25.3.0\Core\config\rules\extended_javascript.bin;C:\Program Files\Fortify\OpenText_SAST_Fortify_25.3.0\Core\config\rules\comm_universal.bin;C:\Program Files\Fortify\OpenText_SAST_Fortify_25.3.0\Core\config\rules\core_cloud.bin
2025-11-03 17:00:20,314 - INFO - 执行扫描命令，项目: YSL圣罗兰美妆会员俱乐部 (ID: 001)
2025-11-03 17:01:40,569 - INFO - 扫描完成: YSL圣罗兰美妆会员俱乐部, 耗时: 80.25秒
2025-11-03 17:01:40,570 - INFO - 生成PDF报告: YSL圣罗兰美妆会员俱乐部 (ID: 001)
2025-11-03 17:01:45,310 - INFO - PDF文件重命名完成: 001.pdf -> YSL圣罗兰美妆会员俱乐部.pdf
2025-11-03 17:01:45,311 - INFO - PDF报告生成成功: YSL圣罗兰美妆会员俱乐部, 文件: scan_results\YSL圣罗兰美妆会员俱乐部.pdf (0.04 MB)
2025-11-03 17:01:45,313 - INFO - FPR文件重命名完成: 001.fpr -> YSL圣罗兰美妆会员俱乐部.fpr
2025-11-03 17:01:45,313 - INFO - 项目 YSL圣罗兰美妆会员俱乐部 扫描成功
2025-11-03 17:01:45,314 - INFO - 总结报告已生成: scan_results\min_code_scan_summary.txt
2025-11-03 17:01:45,315 - INFO - 所有扫描任务完成
2025-11-03 17:36:26,794 - INFO - 开始批量扫描小程序项目
2025-11-03 17:36:26,797 - INFO - 环境验证通过
2025-11-03 17:36:26,797 - INFO - 发现小程序项目: LANCOME兰蔻会员中心
2025-11-03 17:36:26,797 - INFO - 发现小程序项目: YSL圣罗兰美妆会员俱乐部
2025-11-03 17:36:26,797 - INFO - 共找到 2 个小程序项目
2025-11-03 17:36:26,798 - INFO - 跳过已扫描项目: LANCOME兰蔻会员中心
2025-11-03 17:36:26,798 - INFO - 跳过已扫描项目: YSL圣罗兰美妆会员俱乐部
2025-11-03 17:36:26,798 - INFO - 所有项目已扫描完成，无需进一步处理
2025-11-03 17:37:40,574 - INFO - 开始批量扫描小程序项目
2025-11-03 17:37:40,576 - INFO - 环境验证通过
2025-11-03 17:37:40,577 - INFO - 发现小程序项目: LANCOME兰蔻会员中心
2025-11-03 17:37:40,577 - INFO - 发现小程序项目: YSL圣罗兰美妆会员俱乐部
2025-11-03 17:37:40,577 - INFO - 共找到 2 个小程序项目
2025-11-03 17:37:40,578 - INFO - 待扫描项目数: 2
2025-11-03 17:37:40,578 - INFO - 项目ID映射: {'LANCOME兰蔻会员中心': '000', 'YSL圣罗兰美妆会员俱乐部': '001'}
2025-11-03 17:37:40,579 - INFO - 开始扫描项目: LANCOME兰蔻会员中心 (ID: 000)
2025-11-03 17:37:40,595 - INFO - 项目 LANCOME兰蔻会员中心: 总文件数 372, 扫描文件数 371
2025-11-03 17:37:40,595 - INFO - 执行清理项目 LANCOME兰蔻会员中心 (ID: 000): C:\Program Files\Fortify\OpenText_SAST_Fortify_25.3.0\bin\sourceanalyzer.exe -b 000 -clean
2025-11-03 17:37:42,797 - INFO - 开始翻译项目: LANCOME兰蔻会员中心 (ID: 000)
2025-11-03 17:38:01,269 - INFO - 翻译完成: LANCOME兰蔻会员中心, 耗时: 18.47秒
2025-11-03 17:38:01,271 - INFO - 使用规则文件: C:\Program Files\Fortify\OpenText_SAST_Fortify_25.3.0\Core\config\rules\core_javascript.bin;C:\Program Files\Fortify\OpenText_SAST_Fortify_25.3.0\Core\config\rules\extended_javascript.bin;C:\Program Files\Fortify\OpenText_SAST_Fortify_25.3.0\Core\config\rules\comm_universal.bin;C:\Program Files\Fortify\OpenText_SAST_Fortify_25.3.0\Core\config\rules\core_cloud.bin
2025-11-03 17:38:01,272 - INFO - 执行扫描命令，项目: LANCOME兰蔻会员中心 (ID: 000)
2025-11-03 17:39:02,732 - INFO - 扫描完成: LANCOME兰蔻会员中心, 耗时: 61.46秒
2025-11-03 17:39:02,732 - INFO - 生成PDF报告: LANCOME兰蔻会员中心 (ID: 000)
2025-11-03 17:39:07,530 - INFO - PDF文件重命名完成: 000.pdf -> LANCOME兰蔻会员中心.pdf
2025-11-03 17:39:07,530 - INFO - PDF报告生成成功: LANCOME兰蔻会员中心, 文件: scan_results\LANCOME兰蔻会员中心.pdf (0.04 MB)
2025-11-03 17:39:07,531 - INFO - FPR文件重命名完成: 000.fpr -> LANCOME兰蔻会员中心.fpr
2025-11-03 17:39:07,531 - INFO - 开始扫描项目: YSL圣罗兰美妆会员俱乐部 (ID: 001)
2025-11-03 17:39:07,531 - INFO - 项目 LANCOME兰蔻会员中心 扫描成功
2025-11-03 17:39:07,548 - INFO - 项目 YSL圣罗兰美妆会员俱乐部: 总文件数 342, 扫描文件数 334
2025-11-03 17:39:07,548 - INFO - 执行清理项目 YSL圣罗兰美妆会员俱乐部 (ID: 001): C:\Program Files\Fortify\OpenText_SAST_Fortify_25.3.0\bin\sourceanalyzer.exe -b 001 -clean
2025-11-03 17:39:09,857 - INFO - 开始翻译项目: YSL圣罗兰美妆会员俱乐部 (ID: 001)
2025-11-03 17:39:34,167 - INFO - 翻译完成: YSL圣罗兰美妆会员俱乐部, 耗时: 24.31秒
2025-11-03 17:39:34,168 - INFO - 使用规则文件: C:\Program Files\Fortify\OpenText_SAST_Fortify_25.3.0\Core\config\rules\core_javascript.bin;C:\Program Files\Fortify\OpenText_SAST_Fortify_25.3.0\Core\config\rules\extended_javascript.bin;C:\Program Files\Fortify\OpenText_SAST_Fortify_25.3.0\Core\config\rules\comm_universal.bin;C:\Program Files\Fortify\OpenText_SAST_Fortify_25.3.0\Core\config\rules\core_cloud.bin
2025-11-03 17:39:34,169 - INFO - 执行扫描命令，项目: YSL圣罗兰美妆会员俱乐部 (ID: 001)
2025-11-03 17:40:55,622 - INFO - 扫描完成: YSL圣罗兰美妆会员俱乐部, 耗时: 81.45秒
2025-11-03 17:40:55,623 - INFO - 生成PDF报告: YSL圣罗兰美妆会员俱乐部 (ID: 001)
2025-11-03 17:41:00,242 - INFO - PDF文件重命名完成: 001.pdf -> YSL圣罗兰美妆会员俱乐部.pdf
2025-11-03 17:41:00,242 - INFO - PDF报告生成成功: YSL圣罗兰美妆会员俱乐部, 文件: scan_results\YSL圣罗兰美妆会员俱乐部.pdf (0.04 MB)
2025-11-03 17:41:00,245 - INFO - FPR文件重命名完成: 001.fpr -> YSL圣罗兰美妆会员俱乐部.fpr
2025-11-03 17:41:00,245 - INFO - 项目 YSL圣罗兰美妆会员俱乐部 扫描成功
2025-11-03 17:41:00,247 - INFO - 总结报告已生成: scan_results\min_code_scan_summary.txt
2025-11-03 17:41:00,247 - INFO - 所有扫描任务完成
2025-11-03 17:45:31,313 - INFO - 开始批量扫描小程序项目
2025-11-03 17:45:31,313 - INFO - 环境验证通过
2025-11-03 17:45:31,314 - INFO - 发现小程序项目: 1915牛肉面V+
2025-11-03 17:45:31,315 - INFO - 发现小程序项目: LANCOME兰蔻会员中心
2025-11-03 17:45:31,315 - INFO - 发现小程序项目: YSL圣罗兰美妆会员俱乐部
2025-11-03 17:45:31,315 - INFO - 共找到 3 个小程序项目
2025-11-03 17:45:31,315 - INFO - 跳过已扫描项目: LANCOME兰蔻会员中心
2025-11-03 17:45:31,316 - INFO - 跳过已扫描项目: YSL圣罗兰美妆会员俱乐部
2025-11-03 17:45:31,316 - INFO - 待扫描项目数: 1
2025-11-03 17:45:31,316 - INFO - 项目ID映射: {'1915牛肉面V+': '000'}
2025-11-03 17:45:31,316 - INFO - 开始扫描项目: 1915牛肉面V+ (ID: 000)
2025-11-03 17:45:31,352 - INFO - 项目 1915牛肉面V+: 总文件数 876, 扫描文件数 875
2025-11-03 17:45:31,352 - INFO - 执行清理项目 1915牛肉面V+ (ID: 000): C:\Program Files\Fortify\OpenText_SAST_Fortify_25.3.0\bin\sourceanalyzer.exe -b 000 -clean
2025-11-03 17:45:33,580 - INFO - 开始翻译项目: 1915牛肉面V+ (ID: 000)
2025-11-03 17:45:52,350 - INFO - 翻译完成: 1915牛肉面V+, 耗时: 18.77秒
2025-11-03 17:45:52,351 - INFO - 使用规则文件: C:\Program Files\Fortify\OpenText_SAST_Fortify_25.3.0\Core\config\rules\core_javascript.bin;C:\Program Files\Fortify\OpenText_SAST_Fortify_25.3.0\Core\config\rules\extended_javascript.bin;C:\Program Files\Fortify\OpenText_SAST_Fortify_25.3.0\Core\config\rules\comm_universal.bin;C:\Program Files\Fortify\OpenText_SAST_Fortify_25.3.0\Core\config\rules\core_cloud.bin
2025-11-03 17:45:52,352 - INFO - 执行扫描命令，项目: 1915牛肉面V+ (ID: 000)
2025-11-03 17:46:47,204 - INFO - 扫描完成: 1915牛肉面V+, 耗时: 54.85秒
2025-11-03 17:46:47,205 - INFO - 生成PDF报告: 1915牛肉面V+ (ID: 000)
2025-11-03 17:46:51,581 - INFO - PDF文件重命名完成: 000.pdf -> 1915牛肉面V+.pdf
2025-11-03 17:46:51,581 - INFO - PDF报告生成成功: 1915牛肉面V+, 文件: scan_results\1915牛肉面V+.pdf (0.02 MB)
2025-11-03 17:46:51,583 - INFO - FPR文件重命名完成: 000.fpr -> 1915牛肉面V+.fpr
2025-11-03 17:46:51,583 - INFO - 项目 1915牛肉面V+ 扫描成功
2025-11-03 17:46:51,584 - INFO - 总结报告已生成: scan_results\min_code_scan_summary.txt
2025-11-03 17:46:51,584 - INFO - 所有扫描任务完成
2025-11-04 13:52:05,182 - INFO - 
    MiniScan!!
     ___
    /   \
   |     |
   |  O  |
   | / \ |
    -----
    v0.1
    
2025-11-04 13:52:05,190 - INFO - Mini-Scan初始化完成

2025-11-04 13:52:21,681 - INFO - 
检测打开了 《美团点餐》小程序正在进行反编译
2025-11-04 13:52:29,234 - INFO - 执行完毕-反编译源代码输出: ./result/美团点餐
2025-11-04 13:52:29,242 - INFO - 开始搜索接口和泄露
2025-11-04 13:52:32,972 - INFO - 接口请求完成,文件保存到./result/美团点餐\proess.xlsx
2025-11-04 13:53:05,404 - INFO - 
    MiniScan!!
     ___
    /   \
   |     |
   |  O  |
   | / \ |
    -----
    v0.1
    
2025-11-04 13:53:05,412 - INFO - Mini-Scan初始化完成

2025-11-04 13:53:09,671 - INFO - 检测打开了 《上海市中医医院服务中心》小程序正在进行反编译
2025-11-04 13:53:13,407 - INFO - 执行完毕-反编译源代码输出: ./result/上海市中医医院服务中心
2025-11-04 13:53:13,417 - INFO - 开始搜索接口和泄露
2025-11-04 13:53:14,621 - INFO - 接口请求完成,文件保存到./result/上海市中医医院服务中心\proess.xlsx
2025-11-04 13:58:46,766 - INFO - 
░█▄█░▀█▀░█▀█░▀█▀░░░█▀▀░█▀▀░█▀█░█▀█░░░█░█░▄▀▄░░░░▀█░
░█░█░░█░░█░█░░█░░░░▀▀█░█░░░█▀█░█░█░░░▀▄▀░█/█░░░░░█░
░▀░▀░▀▀▀░▀░▀░▀▀▀░░░▀▀▀░▀▀▀░▀░▀░▀░▀░░░░▀░░░▀░░▀░░▀▀▀
        MiniScan V0.1 Author: Lq0ne
    
2025-11-04 13:58:46,773 - INFO - Mini-Scan初始化完成

2025-11-04 13:59:09,966 - INFO - Mini-Scan初始化完成

